2017-10-17 15:27:34.910 [ERROR] com.dafycredit.giveu.test.util.DB_Helper - 更新失败
com.mysql.jdbc.exceptions.jdbc4.MySQLSyntaxErrorException: Table 'dafy_shop.cs_credit' doesn't exist
	at com.dafycredit.giveu.test.util.DB_Helper.executeUpdate(DB_Helper.java:307)
	at com.dafycredit.giveu.test.util.DB_Helper.update(DB_Helper.java:76)
	at com.dafycredit.giveu.test.handler.DBAction_Handler.dbUpdate(DBAction_Handler.java:53)
	at sun.reflect.NativeMethodAccessorImpl.invoke0(Native Method)
	at sun.reflect.NativeMethodAccessorImpl.invoke(Unknown Source)
	at sun.reflect.DelegatingMethodAccessorImpl.invoke(Unknown Source)
	at java.lang.reflect.Method.invoke(Unknown Source)
	at com.dafycredit.giveu.test.service.RunUnit_Service.runCase(RunUnit_Service.java:102)
	at JYQBTestCases.JYQB_Enchashment.Precondition(JYQB_Enchashment.java:24)
	at sun.reflect.NativeMethodAccessorImpl.invoke0(Native Method)
	at sun.reflect.NativeMethodAccessorImpl.invoke(Unknown Source)
	at sun.reflect.DelegatingMethodAccessorImpl.invoke(Unknown Source)
	at java.lang.reflect.Method.invoke(Unknown Source)
	at org.testng.internal.MethodInvocationHelper.invokeMethod(MethodInvocationHelper.java:86)
	at org.testng.internal.InvokeMethodRunnable.runOne(InvokeMethodRunnable.java:54)
	at org.testng.internal.InvokeMethodRunnable.run(InvokeMethodRunnable.java:44)
	at java.util.concurrent.Executors$RunnableAdapter.call(Unknown Source)
	at java.util.concurrent.FutureTask.run(Unknown Source)
	at java.util.concurrent.ThreadPoolExecutor.runWorker(Unknown Source)
	at java.util.concurrent.ThreadPoolExecutor$Worker.run(Unknown Source)
	at java.lang.Thread.run(Unknown Source)
2017-10-17 15:36:56.447 [ERROR] com.dafycredit.giveu.test.util.DB_Helper - 更新失败
com.mysql.jdbc.exceptions.jdbc4.MySQLSyntaxErrorException: Table 'dafy_shop.cs_credit' doesn't exist
	at com.dafycredit.giveu.test.util.DB_Helper.executeUpdate(DB_Helper.java:307)
	at com.dafycredit.giveu.test.util.DB_Helper.update(DB_Helper.java:76)
	at com.dafycredit.giveu.test.handler.DBAction_Handler.dbUpdate(DBAction_Handler.java:53)
	at sun.reflect.NativeMethodAccessorImpl.invoke0(Native Method)
	at sun.reflect.NativeMethodAccessorImpl.invoke(Unknown Source)
	at sun.reflect.DelegatingMethodAccessorImpl.invoke(Unknown Source)
	at java.lang.reflect.Method.invoke(Unknown Source)
	at com.dafycredit.giveu.test.service.RunUnit_Service.runCase(RunUnit_Service.java:102)
	at JYQBTestCases.JYQB_Enchashment.Precondition(JYQB_Enchashment.java:24)
	at sun.reflect.NativeMethodAccessorImpl.invoke0(Native Method)
	at sun.reflect.NativeMethodAccessorImpl.invoke(Unknown Source)
	at sun.reflect.DelegatingMethodAccessorImpl.invoke(Unknown Source)
	at java.lang.reflect.Method.invoke(Unknown Source)
	at org.testng.internal.MethodInvocationHelper.invokeMethod(MethodInvocationHelper.java:86)
	at org.testng.internal.InvokeMethodRunnable.runOne(InvokeMethodRunnable.java:54)
	at org.testng.internal.InvokeMethodRunnable.run(InvokeMethodRunnable.java:44)
	at java.util.concurrent.Executors$RunnableAdapter.call(Unknown Source)
	at java.util.concurrent.FutureTask.run(Unknown Source)
	at java.util.concurrent.ThreadPoolExecutor.runWorker(Unknown Source)
	at java.util.concurrent.ThreadPoolExecutor$Worker.run(Unknown Source)
	at java.lang.Thread.run(Unknown Source)
